<?xml version="1.0" encoding="UTF-8"?>
<!-- Generated by org.testng.reporters.JUnitReportReporter -->
<testsuite skipped="0" hostname="LAPTOP-H4G7LQRK" name="com.qa.hs.tests.LoginTest" tests="2" failures="0" timestamp="20 Aug 2019 10:00:26 GMT" time="32.745" errors="0">
  <testcase name="loginTest" time="21.839" classname="com.qa.hs.tests.LoginTest"/>
  <testcase name="signUpTest" time="10.906" classname="com.qa.hs.tests.LoginTest"/>
</testsuite> <!-- com.qa.hs.tests.LoginTest -->
